Arguments: 
  /usr/local/bin/node /Users/gaoshaoyun/.yarn/bin/yarn.js

PATH: 
  /usr/local/bin:/usr/bin:/bin:/usr/sbin:/sbin:/Users/gaoshaoyun/Library/pnpm:/Users/gaoshaoyun/.yarn/bin:/Users/gaoshaoyun/.config/yarn/global/node_modules/.bin:/opt/homebrew/bin:/opt/homebrew/sbin

Yarn version: 
  1.22.19

Node version: 
  16.16.0

Platform: 
  darwin arm64

Trace: 
  Error: getaddrinfo ENOTFOUND cdn.npmmirror.com
      at GetAddrInfoReqWrap.onlookup [as oncomplete] (node:dns:71:26)

npm manifest: 
  {
    "private": true,
    "author": "bubucuo <276185876@qq.com>",
    "scripts": {
      "dev": "umi dev",
      "build": "prisma generate && umi build",
      "postinstall": "umi setup",
      "start": "npm run dev"
    },
    "dependencies": {
      "@prisma/client": "^4.1.1",
      "@types/bcryptjs": "^2.4.2",
      "@types/jsonwebtoken": "^8.5.8",
      "@upstash/redis": "^1.11.0",
      "bcryptjs": "^2.4.3",
      "jsonwebtoken": "^8.5.1",
      "prisma": "^4.1.1",
      "umi": "^4.0.11"
    },
    "devDependencies": {
      "@types/react": "^18.0.0",
      "@types/react-dom": "^18.0.0",
      "@umijs/plugins": "^4.0.11",
      "tailwindcss": "^3",
      "typescript": "^4.1.2"
    }
  }

yarn manifest: 
  No manifest

Lockfile: 
  No lockfile
